recieved restart signal
middleware:  /home/outbounder/projects/outbounder/organic-archconsole/node_modules/organic-webcell/membrane/expressMiddleware/cookieParser [33m{}[39m
middleware:  /home/outbounder/projects/outbounder/organic-archconsole/node_modules/organic-webcell/membrane/expressMiddleware/allowCrossDomain [33m{}[39m
middleware:  /home/outbounder/projects/outbounder/organic-archconsole/node_modules/organic-webcell/membrane/expressMiddleware/staticFolder [33m{"source":"node_modules/organic-webcell/membrane/expressMiddleware/staticFolder","staticDir":"public/"}[39m
middleware:  /home/outbounder/projects/outbounder/organic-archconsole/node_modules/organic-webcell/membrane/expressMiddleware/staticFolder [33m{"source":"node_modules/organic-webcell/membrane/expressMiddleware/staticFolder","staticDir":"style/"}[39m
middleware:  /home/outbounder/projects/outbounder/organic-archconsole/node_modules/organic-webcell/membrane/expressMiddleware/bodyParser [33m{"source":"node_modules/organic-webcell/membrane/expressMiddleware/bodyParser","uploadDir":"uploads/","keepExtensions":true}[39m
middleware:  /home/outbounder/projects/outbounder/organic-archconsole/node_modules/organic-webcell/membrane/expressMiddleware/gzip [33m{"source":"node_modules/organic-webcell/membrane/expressMiddleware/gzip"}[39m
HttpServer running at http://127.0.0.1:3333/
info: socket.io started
socketio action GET /user
socketio action POST /shells/create
socketio action DELETE /shells/remove
socketio action GET /shells/autocomplete
socketio action POST /commands/execute
socketio action POST /commands/terminate
pagecode GET /code.js
page GET /
pagestyle GET /style.css
recieved restart signal
middleware:  /home/outbounder/projects/outbounder/organic-archconsole/node_modules/organic-webcell/membrane/expressMiddleware/cookieParser [33m{}[39m
middleware:  /home/outbounder/projects/outbounder/organic-archconsole/node_modules/organic-webcell/membrane/expressMiddleware/allowCrossDomain [33m{}[39m
middleware:  /home/outbounder/projects/outbounder/organic-archconsole/node_modules/organic-webcell/membrane/expressMiddleware/staticFolder [33m{"source":"node_modules/organic-webcell/membrane/expressMiddleware/staticFolder","staticDir":"public/"}[39m
middleware:  /home/outbounder/projects/outbounder/organic-archconsole/node_modules/organic-webcell/membrane/expressMiddleware/staticFolder [33m{"source":"node_modules/organic-webcell/membrane/expressMiddleware/staticFolder","staticDir":"style/"}[39m
middleware:  /home/outbounder/projects/outbounder/organic-archconsole/node_modules/organic-webcell/membrane/expressMiddleware/bodyParser [33m{"source":"node_modules/organic-webcell/membrane/expressMiddleware/bodyParser","uploadDir":"uploads/","keepExtensions":true}[39m
middleware:  /home/outbounder/projects/outbounder/organic-archconsole/node_modules/organic-webcell/membrane/expressMiddleware/gzip [33m{"source":"node_modules/organic-webcell/membrane/expressMiddleware/gzip"}[39m
HttpServer running at http://127.0.0.1:3333/
info: socket.io started
socketio action GET /user
socketio action POST /shells/create
socketio action DELETE /shells/remove
socketio action GET /shells/autocomplete
{ [Error: Cannot find module '../models/Format'] code: 'MODULE_NOT_FOUND' }
Error: Cannot find module '../models/Format'
    at Function.Module._resolveFilename (module.js:338:15)
    at Function.Module._load (module.js:280:25)
    at Module.require (module.js:362:17)
    at require (module.js:378:17)
    at Object.<anonymous> (/home/outbounder/projects/outbounder/organic-archconsole/io-actions/commands.js:6:14)
    at Module._compile (module.js:449:26)
    at Object.Module._extensions..js (module.js:467:10)
    at Module.load (module.js:356:32)
    at Function.Module._load (module.js:312:12)
    at Module.require (module.js:362:17)
middleware:  /home/outbounder/projects/outbounder/organic-archconsole/node_modules/organic-webcell/membrane/expressMiddleware/cookieParser [33m{}[39m
middleware:  /home/outbounder/projects/outbounder/organic-archconsole/node_modules/organic-webcell/membrane/expressMiddleware/allowCrossDomain [33m{}[39m
middleware:  /home/outbounder/projects/outbounder/organic-archconsole/node_modules/organic-webcell/membrane/expressMiddleware/staticFolder [33m{"source":"node_modules/organic-webcell/membrane/expressMiddleware/staticFolder","staticDir":"public/"}[39m
middleware:  /home/outbounder/projects/outbounder/organic-archconsole/node_modules/organic-webcell/membrane/expressMiddleware/staticFolder [33m{"source":"node_modules/organic-webcell/membrane/expressMiddleware/staticFolder","staticDir":"style/"}[39m
middleware:  /home/outbounder/projects/outbounder/organic-archconsole/node_modules/organic-webcell/membrane/expressMiddleware/bodyParser [33m{"source":"node_modules/organic-webcell/membrane/expressMiddleware/bodyParser","uploadDir":"uploads/","keepExtensions":true}[39m
middleware:  /home/outbounder/projects/outbounder/organic-archconsole/node_modules/organic-webcell/membrane/expressMiddleware/gzip [33m{"source":"node_modules/organic-webcell/membrane/expressMiddleware/gzip"}[39m
HttpServer running at http://127.0.0.1:3333/
info: socket.io started
socketio action GET /user
socketio action POST /shells/create
socketio action DELETE /shells/remove
socketio action GET /shells/autocomplete
socketio action POST /commands/execute
socketio action POST /commands/terminate
pagecode GET /code.js
page GET /
pagestyle GET /style.css
recieved restart signal
middleware:  /home/outbounder/projects/outbounder/organic-archconsole/node_modules/organic-webcell/membrane/expressMiddleware/cookieParser [33m{}[39m
middleware:  /home/outbounder/projects/outbounder/organic-archconsole/node_modules/organic-webcell/membrane/expressMiddleware/allowCrossDomain [33m{}[39m
middleware:  /home/outbounder/projects/outbounder/organic-archconsole/node_modules/organic-webcell/membrane/expressMiddleware/staticFolder [33m{"source":"node_modules/organic-webcell/membrane/expressMiddleware/staticFolder","staticDir":"public/"}[39m
middleware:  /home/outbounder/projects/outbounder/organic-archconsole/node_modules/organic-webcell/membrane/expressMiddleware/staticFolder [33m{"source":"node_modules/organic-webcell/membrane/expressMiddleware/staticFolder","staticDir":"style/"}[39m
middleware:  /home/outbounder/projects/outbounder/organic-archconsole/node_modules/organic-webcell/membrane/expressMiddleware/bodyParser [33m{"source":"node_modules/organic-webcell/membrane/expressMiddleware/bodyParser","uploadDir":"uploads/","keepExtensions":true}[39m
middleware:  /home/outbounder/projects/outbounder/organic-archconsole/node_modules/organic-webcell/membrane/expressMiddleware/gzip [33m{"source":"node_modules/organic-webcell/membrane/expressMiddleware/gzip"}[39m
HttpServer running at http://127.0.0.1:3333/
info: socket.io started
socketio action GET /user
socketio action POST /shells/create
socketio action DELETE /shells/remove
socketio action GET /shells/autocomplete
socketio action POST /commands/execute
socketio action POST /commands/terminate
pagecode GET /code.js
page GET /
pagestyle GET /style.css
[TypeError: Bad argument]
TypeError: Bad argument
    at ChildProcess.spawn (child_process.js:782:24)
    at exports.spawn (child_process.js:618:9)
    at module.exports.start (/home/outbounder/projects/outbounder/organic-archconsole/models/Command.js:32:25)
    at Object.module.exports.POST /execute [as handler] (/home/outbounder/projects/outbounder/organic-archconsole/io-actions/commands.js:59:17)
    at Socket.module.exports.mountSocketIOActions (/home/outbounder/projects/outbounder/organic-archconsole/plasma/SocketIOActions.js:86:11)
    at Socket.EventEmitter.emit [as $emit] (events.js:99:17)
    at SocketNamespace.handlePacket (/home/outbounder/projects/outbounder/organic-archconsole/node_modules/organic-webcell/node_modules/socket.io/lib/namespace.js:335:22)
    at Manager.onClientMessage (/home/outbounder/projects/outbounder/organic-archconsole/node_modules/organic-webcell/node_modules/socket.io/lib/manager.js:487:38)
    at WebSocket.Transport.onMessage (/home/outbounder/projects/outbounder/organic-archconsole/node_modules/organic-webcell/node_modules/socket.io/lib/transport.js:387:20)
    at Parser.<anonymous> (/home/outbounder/projects/outbounder/organic-archconsole/node_modules/organic-webcell/node_modules/socket.io/lib/transports/websocket/hybi-16.js:39:10)
middleware:  /home/outbounder/projects/outbounder/organic-archconsole/node_modules/organic-webcell/membrane/expressMiddleware/cookieParser [33m{}[39m
middleware:  /home/outbounder/projects/outbounder/organic-archconsole/node_modules/organic-webcell/membrane/expressMiddleware/allowCrossDomain [33m{}[39m
middleware:  /home/outbounder/projects/outbounder/organic-archconsole/node_modules/organic-webcell/membrane/expressMiddleware/staticFolder [33m{"source":"node_modules/organic-webcell/membrane/expressMiddleware/staticFolder","staticDir":"public/"}[39m
middleware:  /home/outbounder/projects/outbounder/organic-archconsole/node_modules/organic-webcell/membrane/expressMiddleware/staticFolder [33m{"source":"node_modules/organic-webcell/membrane/expressMiddleware/staticFolder","staticDir":"style/"}[39m
middleware:  /home/outbounder/projects/outbounder/organic-archconsole/node_modules/organic-webcell/membrane/expressMiddleware/bodyParser [33m{"source":"node_modules/organic-webcell/membrane/expressMiddleware/bodyParser","uploadDir":"uploads/","keepExtensions":true}[39m
middleware:  /home/outbounder/projects/outbounder/organic-archconsole/node_modules/organic-webcell/membrane/expressMiddleware/gzip [33m{"source":"node_modules/organic-webcell/membrane/expressMiddleware/gzip"}[39m
HttpServer running at http://127.0.0.1:3333/
info: socket.io started
socketio action GET /user
socketio action POST /shells/create
socketio action DELETE /shells/remove
socketio action GET /shells/autocomplete
socketio action POST /commands/execute
socketio action POST /commands/terminate
pagecode GET /code.js
page GET /
pagestyle GET /style.css
middleware:  /home/outbounder/projects/outbounder/organic-archconsole/node_modules/organic-webcell/membrane/expressMiddleware/cookieParser [33m{}[39m
middleware:  /home/outbounder/projects/outbounder/organic-archconsole/node_modules/organic-webcell/membrane/expressMiddleware/allowCrossDomain [33m{}[39m
middleware:  /home/outbounder/projects/outbounder/organic-archconsole/node_modules/organic-webcell/membrane/expressMiddleware/staticFolder [33m{"source":"node_modules/organic-webcell/membrane/expressMiddleware/staticFolder","staticDir":"public/"}[39m
middleware:  /home/outbounder/projects/outbounder/organic-archconsole/node_modules/organic-webcell/membrane/expressMiddleware/staticFolder [33m{"source":"node_modules/organic-webcell/membrane/expressMiddleware/staticFolder","staticDir":"style/"}[39m
middleware:  /home/outbounder/projects/outbounder/organic-archconsole/node_modules/organic-webcell/membrane/expressMiddleware/bodyParser [33m{"source":"node_modules/organic-webcell/membrane/expressMiddleware/bodyParser","uploadDir":"uploads/","keepExtensions":true}[39m
middleware:  /home/outbounder/projects/outbounder/organic-archconsole/node_modules/organic-webcell/membrane/expressMiddleware/gzip [33m{"source":"node_modules/organic-webcell/membrane/expressMiddleware/gzip"}[39m
HttpServer running at http://127.0.0.1:3333/
info: socket.io started
socketio action GET /user
socketio action POST /shells/create
socketio action DELETE /shells/remove
socketio action GET /shells/autocomplete
socketio action POST /commands/execute
socketio action POST /commands/terminate
pagecode GET /code.js
page GET /
pagestyle GET /style.css
